DEBUG:matplotlib.pyplot:Loaded backend module://ipykernel.pylab.backend_inline version unknown.
DEBUG:matplotlib.pyplot:Loaded backend module://ipykernel.pylab.backend_inline version unknown.
DEBUG:parso.python.diff:diff parser start
DEBUG:parso.python.diff:line_lengths old: 1; new: 1
DEBUG:parso.python.diff:-> code[replace] old[1:1] new[1:1]
DEBUG:parso.python.diff:parse_part from 1 to 1 (to 0 in part parser)
DEBUG:parso.python.diff:diff parser end
DEBUG:parso.cache:pickle loaded: h:\repos\data_comparator\data_comparator\data_comparator.py
DEBUG:parso.python.diff:diff parser start
DEBUG:parso.python.diff:line_lengths old: 1; new: 1
DEBUG:parso.python.diff:-> code[replace] old[1:1] new[1:1]
DEBUG:parso.python.diff:parse_part from 1 to 1 (to 0 in part parser)
DEBUG:parso.python.diff:diff parser end
DEBUG:parso.cache:pickle loaded: h:\repos\data_comparator\data_comparator\components\comparison.py
DEBUG:parso.cache:pickle loaded: h:\repos\data_comparator\data_comparator\components\data_cupboard.py
DEBUG:parso.cache:pickle loaded: C:\Miniconda3\envs\prod2019_11\lib\importlib\_bootstrap_external.py
DEBUG:parso.cache:pickle loaded: C:\Miniconda3\envs\prod2019_11\lib\importlib\_bootstrap.py
DEBUG:parso.cache:pickle loaded: C:\Miniconda3\envs\prod2019_11\lib\site-packages\pandas\__init__.py
DEBUG:parso.python.diff:diff parser start
DEBUG:parso.python.diff:line_lengths old: 1; new: 1
DEBUG:parso.python.diff:-> code[replace] old[1:1] new[1:1]
DEBUG:parso.python.diff:parse_part from 1 to 1 (to 0 in part parser)
DEBUG:parso.python.diff:diff parser end
DEBUG:components.dataset:test
DEBUG:components.dataset:test
INFO:components.dataset:
Loading raw data into dataset object...
INFO:components.dataset:
Preparing columns...
INFO:components.dataset:prv_id
INFO:components.dataset:prv_id_name
INFO:components.dataset:prv_id_alt
INFO:components.dataset:prv_id_alt_name
INFO:components.dataset:prv_id_npi
INFO:components.dataset:prv_name
INFO:components.dataset:prv_taxonomy_cd
INFO:components.dataset:prv_specialty
INFO:components.dataset:prv_ltac
INFO:components.dataset:prv_type
INFO:components.dataset:prv_addr_line_1
INFO:components.dataset:prv_addr_line_2
INFO:components.dataset:prv_addr_state
INFO:components.dataset:prv_addr_zip
INFO:components.dataset:prv_addr_fips
INFO:components.dataset:prv_addr_city_st_zip
INFO:components.dataset:prv_hier_1
INFO:components.dataset:prv_hier_2
INFO:components.dataset:prv_hier_3
INFO:components.dataset:prv_hier_4
INFO:components.dataset:prv_hier_5
INFO:components.dataset:prv_net_hier_1
INFO:components.dataset:prv_net_hier_2
INFO:components.dataset:prv_net_hier_3
INFO:components.dataset:prv_net_aco_yn
DEBUG:parso.python.diff:diff parser start
DEBUG:parso.python.diff:line_lengths old: 1; new: 1
DEBUG:parso.python.diff:-> code[replace] old[1:1] new[1:1]
DEBUG:parso.python.diff:parse_part from 1 to 1 (to 0 in part parser)
DEBUG:parso.python.diff:diff parser end
DEBUG:parso.python.diff:diff parser start
DEBUG:parso.python.diff:line_lengths old: 1; new: 1
DEBUG:parso.python.diff:-> code[replace] old[1:1] new[1:1]
DEBUG:parso.python.diff:parse_part from 1 to 1 (to 0 in part parser)
DEBUG:parso.python.diff:diff parser end
DEBUG:parso.python.diff:diff parser start
DEBUG:parso.python.diff:line_lengths old: 1; new: 1
DEBUG:parso.python.diff:-> code[replace] old[1:1] new[1:1]
DEBUG:parso.python.diff:parse_part from 1 to 1 (to 0 in part parser)
DEBUG:parso.python.diff:diff parser end
DEBUG:parso.python.diff:diff parser start
DEBUG:parso.python.diff:line_lengths old: 1; new: 1
DEBUG:parso.python.diff:-> code[replace] old[1:1] new[1:1]
DEBUG:parso.python.diff:parse_part from 1 to 1 (to 0 in part parser)
DEBUG:parso.python.diff:diff parser end
DEBUG:parso.python.diff:diff parser start
DEBUG:parso.python.diff:line_lengths old: 1; new: 2
DEBUG:parso.python.diff:-> code[replace] old[1:1] new[1:2]
DEBUG:parso.python.diff:parse_part from 1 to 2 (to 1 in part parser)
DEBUG:parso.python.diff:diff parser end
DEBUG:parso.cache:pickle loaded: C:\Miniconda3\envs\prod2019_11\lib\subprocess.py
DEBUG:parso.python.diff:diff parser start
DEBUG:parso.python.diff:line_lengths old: 2; new: 6
DEBUG:parso.python.diff:-> code[equal] old[1:1] new[1:1]
DEBUG:parso.python.diff:copy old[1:1] new[1:1]
DEBUG:parso.python.diff:-> code[replace] old[2:2] new[2:6]
DEBUG:parso.python.diff:parse_part from 2 to 6 (to 5 in part parser)
DEBUG:parso.python.diff:diff parser end
DEBUG:parso.python.diff:diff parser start
DEBUG:parso.python.diff:line_lengths old: 6; new: 6
DEBUG:parso.python.diff:-> code[equal] old[1:5] new[1:5]
DEBUG:parso.python.diff:copy old[1:3] new[1:3]
DEBUG:parso.python.diff:parse_part from 4 to 6 (to 5 in part parser)
DEBUG:parso.python.diff:-> code[replace] old[6:6] new[6:6]
DEBUG:parso.python.diff:diff parser end
